<?xml version="1.0" encoding="utf-8"?><testsuites name="pytest tests"><testsuite name="pytest" errors="0" failures="0" skipped="0" tests="23" time="8.306" timestamp="2026-08-17T08:43:30.538054+00:00" hostname="agent-env-2b6473bc-e08a-49fb-9b37-8dd7d5df58e5"><testcase classname="tests.backend_test.TestAuth" name="test_root" time="0.135" /><testcase classname="tests.backend_test.TestAuth" name="test_me_requires_auth" time="0.106" /><testcase classname="tests.backend_test.TestAuth" name="test_me_returns_user" time="0.458" /><testcase classname="tests.backend_test.TestAuth" name="test_login_wrong_password" time="0.745" /><testcase classname="tests.backend_test.TestAuth" name="test_admin_login" time="0.329" /><testcase classname="tests.backend_test.TestProducts" name="test_list_products" time="0.113" /><testcase classname="tests.backend_test.TestProducts" name="test_non_admin_cannot_create" time="0.125" /><testcase classname="tests.backend_test.TestProducts" name="test_admin_crud" time="1.589" /><testcase classname="tests.backend_test.TestCheckout" name="test_event_pass_only_rejected" time="0.276" /><testcase classname="tests.backend_test.TestCheckout" name="test_checkout_success_bundle_and_pass" time="1.023" /><testcase classname="tests.backend_test.TestCheckout" name="test_checkout_requires_auth" time="0.120" /><testcase classname="tests.backend_test.TestCheckout" name="test_shundo_coming_soon_rejected" time="0.337" /><testcase classname="tests.backend_test.TestOrdersAndCredentials" name="test_my_orders_no_plaintext_leak" time="0.157" /><testcase classname="tests.backend_test.TestOrdersAndCredentials" name="test_get_order_no_leak" time="0.099" /><testcase classname="tests.backend_test.TestOrdersAndCredentials" name="test_other_customer_forbidden" time="0.460" /><testcase classname="tests.backend_test.TestOrdersAndCredentials" name="test_customer_cannot_reveal_credentials" time="0.111" /><testcase classname="tests.backend_test.TestOrdersAndCredentials" name="test_admin_reveal_credentials" time="0.113" /><testcase classname="tests.backend_test.TestStatusAndNotifications" name="test_status_transitions_and_notifications" time="0.738" /><testcase classname="tests.backend_test.TestStatusAndNotifications" name="test_invalid_status" time="0.109" /><testcase classname="tests.backend_test.TestChat" name="test_customer_post_and_admin_reply" time="0.569" /><testcase classname="tests.backend_test.TestChat" name="test_other_customer_forbidden_from_messages" time="0.234" /><testcase classname="tests.backend_test.TestAdminOrders" name="test_admin_can_list_all_orders" time="0.098" /><testcase classname="tests.backend_test.TestAdminOrders" name="test_customer_cannot_access_admin_orders" time="0.115" /></testsuite></testsuites>