<?xml version="1.0" encoding="utf-8"?><testsuites name="pytest tests"><testsuite name="pytest" errors="0" failures="0" skipped="0" tests="26" time="11.561" timestamp="2026-08-17T14:44:44.349578+00:00" hostname="agent-env-2b6473bc-e08a-49fb-9b37-8dd7d5df58e5"><testcase classname="tests.backend_test.TestAuth" name="test_root" time="0.355" /><testcase classname="tests.backend_test.TestAuth" name="test_me_requires_auth" time="0.155" /><testcase classname="tests.backend_test.TestAuth" name="test_me_returns_user" time="0.606" /><testcase classname="tests.backend_test.TestAuth" name="test_admin_login" time="0.403" /><testcase classname="tests.backend_test.TestProducts" name="test_list_products" time="0.249" /><testcase classname="tests.backend_test.TestProducts" name="test_product_writes_require_admin" time="0.580" /><testcase classname="tests.backend_test.TestProducts" name="test_admin_crud" time="1.652" /><testcase classname="tests.backend_test.TestGuestCheckout" name="test_guest_checkout_requires_email" time="0.359" /><testcase classname="tests.backend_test.TestGuestCheckout" name="test_guest_checkout_success" time="0.780" /><testcase classname="tests.backend_test.TestGuestCheckout" name="test_guest_cart_rule_still_enforced" time="0.374" /><testcase classname="tests.backend_test.TestGuestCheckout" name="test_guest_can_read_own_order_and_post_messages" time="0.399" /><testcase classname="tests.backend_test.TestGuestCheckout" name="test_admin_can_reveal_guest_credentials" time="0.137" /><testcase classname="tests.backend_test.TestRegisteredCheckout" name="test_bundle_and_pass_checkout_success" time="1.207" /><testcase classname="tests.backend_test.TestRegisteredCheckout" name="test_event_pass_only_rejected" time="0.292" /><testcase classname="tests.backend_test.TestRegisteredCheckout" name="test_shundo_coming_soon_rejected" time="0.299" /><testcase classname="tests.backend_test.TestOrderPrivacy" name="test_owner_can_read" time="0.127" /><testcase classname="tests.backend_test.TestOrderPrivacy" name="test_other_user_forbidden" time="0.519" /><testcase classname="tests.backend_test.TestOrderPrivacy" name="test_anonymous_forbidden_on_registered_order" time="0.413" /><testcase classname="tests.backend_test.TestOrderPrivacy" name="test_admin_can_read_registered_order" time="0.150" /><testcase classname="tests.backend_test.TestOrderPrivacy" name="test_customer_cannot_reveal_creds" time="0.151" /><testcase classname="tests.backend_test.TestStatusAndNotifications" name="test_transitions_and_notify_registered" time="1.000" /><testcase classname="tests.backend_test.TestStatusAndNotifications" name="test_guest_status_change_creates_no_notifications" time="0.157" /><testcase classname="tests.backend_test.TestStatusAndNotifications" name="test_invalid_status" time="0.162" /><testcase classname="tests.backend_test.TestAdminProtection" name="test_admin_orders_requires_admin" time="0.291" /><testcase classname="tests.backend_test.TestAdminProtection" name="test_admin_can_list_orders" time="0.155" /><testcase classname="tests.backend_test.TestChat" name="test_customer_post_and_admin_reply" time="0.436" /></testsuite></testsuites>